[debug] [2023-06-23T18:55:11.235Z] ----------------------------------------------------------------------
[debug] [2023-06-23T18:55:11.237Z] Command:       C:\Program Files\nodejs\node.exe C:\Users\David\AppData\Roaming\npm\node_modules\firebase-tools\lib\bin\firebase.js init
[debug] [2023-06-23T18:55:11.238Z] CLI Version:   12.4.0
[debug] [2023-06-23T18:55:11.238Z] Platform:      win32
[debug] [2023-06-23T18:55:11.238Z] Node Version:  v16.13.0
[debug] [2023-06-23T18:55:11.239Z] Time:          Fri Jun 23 2023 14:55:11 GMT-0400 (Eastern Daylight Time)
[debug] [2023-06-23T18:55:11.239Z] ----------------------------------------------------------------------
[debug] 
[debug] [2023-06-23T18:55:11.304Z] > command requires scopes: ["email","openid","https://www.googleapis.com/auth/cloudplatformprojects.readonly","https://www.googleapis.com/auth/firebase","https://www.googleapis.com/auth/cloud-platform"]
[debug] [2023-06-23T18:55:11.304Z] > authorizing via signed-in user (davidnovak01@gmail.com)
[info] 
     ######## #### ########  ######## ########     ###     ######  ########
     ##        ##  ##     ## ##       ##     ##  ##   ##  ##       ##
     ######    ##  ########  ######   ########  #########  ######  ######
     ##        ##  ##    ##  ##       ##     ## ##     ##       ## ##
     ##       #### ##     ## ######## ########  ##     ##  ######  ########

You're about to initialize a Firebase project in this directory:

  C:\Users\David

Before we get started, keep in mind:

  * You are initializing within an existing Firebase project directory

